Using pre-set license
Built from '2020.3/release' branch; Version is '2020.3.34f1 (9a4c9c70452b) revision 10112156'; Using compiler version '192528614'; Build Type 'Release'
OS: 'Windows 10  (10.0.19043) 64bit Core' Language: 'en' Physical Memory: 16242 MB
BatchMode: 1, IsHumanControllingUs: 0, StartBugReporterOnCrash: 0, Is64bit: 1, IsPro: 0

COMMAND LINE ARGUMENTS:
C:\Program Files\Unity\Hub\Editor\2020.3.34f1\Editor\Unity.exe
-adb2
-batchMode
-noUpm
-name
AssetImportWorker0
-projectPath
C:/Users/Paul/Desktop/CreateWithCode/ProgrammingTheory
-logFile
Logs/AssetImportWorker0.log
-srvPort
58539
Successfully changed project path to: C:/Users/Paul/Desktop/CreateWithCode/ProgrammingTheory
C:/Users/Paul/Desktop/CreateWithCode/ProgrammingTheory
Using Asset Import Pipeline V2.
Refreshing native plugins compatible for Editor in 30.42 ms, found 2 plugins.
Preloading 0 native plugins for Editor in 0.00 ms.
Initialize engine version: 2020.3.34f1 (9a4c9c70452b)
[Subsystems] Discovering subsystems at path C:/Program Files/Unity/Hub/Editor/2020.3.34f1/Editor/Data/Resources/UnitySubsystems
[Subsystems] Discovering subsystems at path C:/Users/Paul/Desktop/CreateWithCode/ProgrammingTheory/Assets
GfxDevice: creating device client; threaded=0
Direct3D:
    Version:  Direct3D 11.0 [level 11.1]
    Renderer: NVIDIA GeForce RTX 2060 (ID=0x1f08)
    Vendor:   
    VRAM:     5980 MB
    Driver:   27.21.14.5671
Initialize mono
Mono path[0] = 'C:/Program Files/Unity/Hub/Editor/2020.3.34f1/Editor/Data/Managed'
Mono path[1] = 'C:/Program Files/Unity/Hub/Editor/2020.3.34f1/Editor/Data/MonoBleedingEdge/lib/mono/unityjit'
Mono config path = 'C:/Program Files/Unity/Hub/Editor/2020.3.34f1/Editor/Data/MonoBleedingEdge/etc'
Using monoOptions --debugger-agent=transport=dt_socket,embedding=1,server=y,suspend=n,address=127.0.0.1:56996
Begin MonoManager ReloadAssembly
Registering precompiled unity dll's ...
Register platform support module: C:/Program Files/Unity/Hub/Editor/2020.3.34f1/Editor/Data/PlaybackEngines/WebGLSupport/UnityEditor.WebGL.Extensions.dll
Register platform support module: C:/Program Files/Unity/Hub/Editor/2020.3.34f1/Editor/Data/PlaybackEngines/WindowsStandaloneSupport/UnityEditor.WindowsStandalone.Extensions.dll
Registered in 0.002425 seconds.
Native extension for WindowsStandalone target not found
Native extension for WebGL target not found
Refreshing native plugins compatible for Editor in 29.13 ms, found 2 plugins.
Preloading 0 native plugins for Editor in 0.00 ms.
Mono: successfully reloaded assembly
- Completed reload, in  0.494 seconds
Domain Reload Profiling:
	ReloadAssembly (495ms)
		BeginReloadAssembly (61ms)
			ExecutionOrderSort (0ms)
			DisableScriptedObjects (0ms)
			BackupInstance (0ms)
			ReleaseScriptingObjects (0ms)
			CreateAndSetChildDomain (1ms)
		EndReloadAssembly (371ms)
			LoadAssemblies (59ms)
			RebuildTransferFunctionScriptingTraits (0ms)
			SetupTypeCache (128ms)
			ReleaseScriptCaches (0ms)
			RebuildScriptCaches (25ms)
			SetupLoadedEditorAssemblies (137ms)
				LogAssemblyErrors (0ms)
				InitializePlatformSupportModulesInManaged (4ms)
				SetLoadedEditorAssemblies (0ms)
				RefreshPlugins (29ms)
				BeforeProcessingInitializeOnLoad (12ms)
				ProcessInitializeOnLoadAttributes (68ms)
				ProcessInitializeOnLoadMethodAttributes (22ms)
				AfterProcessingInitializeOnLoad (0ms)
				EditorAssembliesLoaded (0ms)
			ExecutionOrderSort2 (0ms)
			AwakeInstancesAfterBackupRestoration (0ms)
Platform modules already initialized, skipping
Registering precompiled user dll's ...
Registered in 0.002926 seconds.
Begin MonoManager ReloadAssembly
Native extension for WindowsStandalone target not found
Native extension for WebGL target not found
Refreshing native plugins compatible for Editor in 0.34 ms, found 2 plugins.
Preloading 0 native plugins for Editor in 0.00 ms.
Mono: successfully reloaded assembly
- Completed reload, in  0.860 seconds
Domain Reload Profiling:
	ReloadAssembly (861ms)
		BeginReloadAssembly (131ms)
			ExecutionOrderSort (0ms)
			DisableScriptedObjects (4ms)
			BackupInstance (0ms)
			ReleaseScriptingObjects (0ms)
			CreateAndSetChildDomain (17ms)
		EndReloadAssembly (678ms)
			LoadAssemblies (84ms)
			RebuildTransferFunctionScriptingTraits (0ms)
			SetupTypeCache (224ms)
			ReleaseScriptCaches (0ms)
			RebuildScriptCaches (40ms)
			SetupLoadedEditorAssemblies (268ms)
				LogAssemblyErrors (0ms)
				InitializePlatformSupportModulesInManaged (5ms)
				SetLoadedEditorAssemblies (0ms)
				RefreshPlugins (0ms)
				BeforeProcessingInitializeOnLoad (67ms)
				ProcessInitializeOnLoadAttributes (177ms)
				ProcessInitializeOnLoadMethodAttributes (12ms)
				AfterProcessingInitializeOnLoad (6ms)
				EditorAssembliesLoaded (0ms)
			ExecutionOrderSort2 (0ms)
			AwakeInstancesAfterBackupRestoration (2ms)
Platform modules already initialized, skipping
========================================================================
Worker process is ready to serve import requests
Launched and connected shader compiler UnityShaderCompiler.exe after 0.07 seconds
Refreshing native plugins compatible for Editor in 0.35 ms, found 2 plugins.
Preloading 0 native plugins for Editor in 0.00 ms.
Unloading 1675 Unused Serialized files (Serialized files now loaded: 0)
System memory in use before: 77.3 MB.
System memory in use after: 77.4 MB.

Unloading 17 unused Assets to reduce memory usage. Loaded Objects now: 2112.
Total: 2.882500 ms (FindLiveObjects: 0.149800 ms CreateObjectMapping: 0.071000 ms MarkObjects: 2.591000 ms  DeleteObjects: 0.069800 ms)

AssetImportParameters requested are different than current active one (requested -> active):
  custom:framework-win-MediaFoundation: 216162199b28c13a410421893ffa2e32 -> 
  custom:video-decoder-ogg-theora: a1e56fd34408186e4bbccfd4996cb3dc -> 
  custom:container-muxer-webm: aa71ff27fc2769a1b78a27578f13a17b -> 
  custom:container-demuxer-webm: 4f35f7cbe854078d1ac9338744f61a02 -> 
  custom:container-demuxer-ogg: 62fdf1f143b41e24485cea50d1cbac27 -> 
  custom:video-encoder-webm-vp8: eb34c28f22e8b96e1ab97ce403110664 -> 
  custom:video-decoder-webm-vp8: 9c59270c3fd7afecdb556c50c9e8de78 -> 
  custom:audio-decoder-ogg-vorbis: bf7c407c2cedff20999df2af8eb42d56 -> 
  custom:audio-encoder-webm-vorbis: bf7c407c2cedff20999df2af8eb42d56 -> 
========================================================================
Received Import Request.
  path: Assets/PlayerAnimator.controller
  artifactKey: Guid(c693834059d5a034da55fd94f3ca5b96) Importer(815301076,1909f56bfc062723c751e8b465ee728b)
Start importing Assets/PlayerAnimator.controller using Guid(c693834059d5a034da55fd94f3ca5b96) Importer(815301076,1909f56bfc062723c751e8b465ee728b)  -> (artifact id: '8905e53131a133f1623dfb5049358359') in 0.055173 seconds 
========================================================================
Received Import Request.
  Time since last request: 39.231642 seconds.
  path: Assets/BasAssetStore/LowPolyVillage/Prefabs/Stone/Stone_01.prefab
  artifactKey: Guid(e7567d1b4fd032a42b27ce11f5e7373f) Importer(815301076,1909f56bfc062723c751e8b465ee728b)
Start importing Assets/BasAssetStore/LowPolyVillage/Prefabs/Stone/Stone_01.prefab using Guid(e7567d1b4fd032a42b27ce11f5e7373f) Importer(815301076,1909f56bfc062723c751e8b465ee728b)  -> (artifact id: '4f4bc4e55edeb3cf6f45efd833e98445') in 0.087350 seconds 
========================================================================
Received Import Request.
  Time since last request: 0.000226 seconds.
  path: Assets/BasAssetStore/LowPolyVillage/Prefabs/Stone/Stone_06.prefab
  artifactKey: Guid(a6274c7f5e2fcaa409c4bffae9b2f2f4) Importer(815301076,1909f56bfc062723c751e8b465ee728b)
Start importing Assets/BasAssetStore/LowPolyVillage/Prefabs/Stone/Stone_06.prefab using Guid(a6274c7f5e2fcaa409c4bffae9b2f2f4) Importer(815301076,1909f56bfc062723c751e8b465ee728b)  -> (artifact id: '8de69adfe1468a109827410c4c46e456') in 0.023399 seconds 
========================================================================
Received Import Request.
  Time since last request: 0.000195 seconds.
  path: Assets/BasAssetStore/LowPolyVillage/Prefabs/Stone/Stone_04.prefab
  artifactKey: Guid(6982e096de037394b958f92a1218fbb1) Importer(815301076,1909f56bfc062723c751e8b465ee728b)
Start importing Assets/BasAssetStore/LowPolyVillage/Prefabs/Stone/Stone_04.prefab using Guid(6982e096de037394b958f92a1218fbb1) Importer(815301076,1909f56bfc062723c751e8b465ee728b)  -> (artifact id: 'f29eaf07b07bff825895f72b923ae05f') in 0.024012 seconds 
========================================================================
Received Import Request.
  Time since last request: 0.000144 seconds.
  path: Assets/BasAssetStore/LowPolyVillage/Prefabs/Stone/Stone_02.prefab
  artifactKey: Guid(1cfaadf5461a2834a954d1204e5a634b) Importer(815301076,1909f56bfc062723c751e8b465ee728b)
Start importing Assets/BasAssetStore/LowPolyVillage/Prefabs/Stone/Stone_02.prefab using Guid(1cfaadf5461a2834a954d1204e5a634b) Importer(815301076,1909f56bfc062723c751e8b465ee728b)  -> (artifact id: '31daa972834b1cbb0cd41d291cc045c5') in 0.028681 seconds 
========================================================================
Received Import Request.
  Time since last request: 0.000176 seconds.
  path: Assets/BasAssetStore/LowPolyVillage/Prefabs/Stone/Stone_05.prefab
  artifactKey: Guid(362fec71bbd77ae45a2dab264844e7c9) Importer(815301076,1909f56bfc062723c751e8b465ee728b)
Start importing Assets/BasAssetStore/LowPolyVillage/Prefabs/Stone/Stone_05.prefab using Guid(362fec71bbd77ae45a2dab264844e7c9) Importer(815301076,1909f56bfc062723c751e8b465ee728b)  -> (artifact id: '262951311680812cd8dbadf20288eda9') in 0.016327 seconds 
========================================================================
Received Import Request.
  Time since last request: 0.000155 seconds.
  path: Assets/BasAssetStore/LowPolyVillage/Prefabs/Stone/Stone_03.prefab
  artifactKey: Guid(423db82826ea3564895adb8f00f48633) Importer(815301076,1909f56bfc062723c751e8b465ee728b)
Start importing Assets/BasAssetStore/LowPolyVillage/Prefabs/Stone/Stone_03.prefab using Guid(423db82826ea3564895adb8f00f48633) Importer(815301076,1909f56bfc062723c751e8b465ee728b)  -> (artifact id: '1ab1fb66a970d2a6813fe18b61c1f43f') in 0.015754 seconds 
========================================================================
Received Import Request.
  Time since last request: 0.954299 seconds.
  path: Assets/BasAssetStore/LowPolyVillage/Prefabs/Tractor/Tractor_Blue.prefab
  artifactKey: Guid(be7d324adfdcc204aaecbde339973775) Importer(815301076,1909f56bfc062723c751e8b465ee728b)
Start importing Assets/BasAssetStore/LowPolyVillage/Prefabs/Tractor/Tractor_Blue.prefab using Guid(be7d324adfdcc204aaecbde339973775) Importer(815301076,1909f56bfc062723c751e8b465ee728b)  -> (artifact id: '1b209adebc780a2effa178e2a4541c95') in 0.025623 seconds 
========================================================================
Received Import Request.
  Time since last request: 0.000335 seconds.
  path: Assets/BasAssetStore/LowPolyVillage/Prefabs/Tractor/Tractor_Red.prefab
  artifactKey: Guid(7b49a02daa39e0041826bab1cd740999) Importer(815301076,1909f56bfc062723c751e8b465ee728b)
Start importing Assets/BasAssetStore/LowPolyVillage/Prefabs/Tractor/Tractor_Red.prefab using Guid(7b49a02daa39e0041826bab1cd740999) Importer(815301076,1909f56bfc062723c751e8b465ee728b)  -> (artifact id: '1cc2574ba2f05c5be9931b939daa6ffb') in 0.020796 seconds 
========================================================================
Received Import Request.
  Time since last request: 0.719896 seconds.
  path: Assets/BasAssetStore/LowPolyVillage/Prefabs/Tree/Dry_Tree_01.prefab
  artifactKey: Guid(4e6495ad3cf862c4ebd0fc0898a66f90) Importer(815301076,1909f56bfc062723c751e8b465ee728b)
Start importing Assets/BasAssetStore/LowPolyVillage/Prefabs/Tree/Dry_Tree_01.prefab using Guid(4e6495ad3cf862c4ebd0fc0898a66f90) Importer(815301076,1909f56bfc062723c751e8b465ee728b)  -> (artifact id: '710ed8f40624a025008471117dc194a0') in 0.018746 seconds 
========================================================================
Received Import Request.
  Time since last request: 0.000161 seconds.
  path: Assets/BasAssetStore/LowPolyVillage/Prefabs/Tree/Dry_Tree_02.prefab
  artifactKey: Guid(85090cda55b45b7498c0466d2eb0758f) Importer(815301076,1909f56bfc062723c751e8b465ee728b)
Start importing Assets/BasAssetStore/LowPolyVillage/Prefabs/Tree/Dry_Tree_02.prefab using Guid(85090cda55b45b7498c0466d2eb0758f) Importer(815301076,1909f56bfc062723c751e8b465ee728b)  -> (artifact id: '3cb8418ef1ad1744614e69e557a2b88f') in 0.016054 seconds 
========================================================================
Received Import Request.
  Time since last request: 0.000165 seconds.
  path: Assets/BasAssetStore/LowPolyVillage/Prefabs/Tree/Tree_02.prefab
  artifactKey: Guid(6336931f0dbcfd1448bb2cc42bc9eca9) Importer(815301076,1909f56bfc062723c751e8b465ee728b)
Start importing Assets/BasAssetStore/LowPolyVillage/Prefabs/Tree/Tree_02.prefab using Guid(6336931f0dbcfd1448bb2cc42bc9eca9) Importer(815301076,1909f56bfc062723c751e8b465ee728b)  -> (artifact id: '541c0ca145265419c9fb20a134061c09') in 0.014963 seconds 
========================================================================
Received Import Request.
  Time since last request: 0.000155 seconds.
  path: Assets/BasAssetStore/LowPolyVillage/Prefabs/Tree/Tree_03.prefab
  artifactKey: Guid(4e869812f3388dd4689f33234315f9e5) Importer(815301076,1909f56bfc062723c751e8b465ee728b)
Start importing Assets/BasAssetStore/LowPolyVillage/Prefabs/Tree/Tree_03.prefab using Guid(4e869812f3388dd4689f33234315f9e5) Importer(815301076,1909f56bfc062723c751e8b465ee728b)  -> (artifact id: 'a5309cd100c55529e5eb2fd344cdf9de') in 0.015026 seconds 
========================================================================
Received Import Request.
  Time since last request: 0.000148 seconds.
  path: Assets/BasAssetStore/LowPolyVillage/Prefabs/Tree/Tree_01.prefab
  artifactKey: Guid(c81523bdcafd56f43a67f3ef25a1995c) Importer(815301076,1909f56bfc062723c751e8b465ee728b)
Start importing Assets/BasAssetStore/LowPolyVillage/Prefabs/Tree/Tree_01.prefab using Guid(c81523bdcafd56f43a67f3ef25a1995c) Importer(815301076,1909f56bfc062723c751e8b465ee728b)  -> (artifact id: 'e56307136b1fe5d02e8bb4ea6a6d95f1') in 0.015724 seconds 
========================================================================
Received Import Request.
  Time since last request: 1.593636 seconds.
  path: Assets/BasAssetStore/LowPolyVillage/Prefabs/Stand/Stand_Empty_Wood.prefab
  artifactKey: Guid(918ca8ce04e69de4c953d61ff03bd365) Importer(815301076,1909f56bfc062723c751e8b465ee728b)
Start importing Assets/BasAssetStore/LowPolyVillage/Prefabs/Stand/Stand_Empty_Wood.prefab using Guid(918ca8ce04e69de4c953d61ff03bd365) Importer(815301076,1909f56bfc062723c751e8b465ee728b)  -> (artifact id: 'b6817fc43563bfdbaa9e0077ccf0d69e') in 0.018652 seconds 
========================================================================
Received Import Request.
  Time since last request: 0.000142 seconds.
  path: Assets/BasAssetStore/LowPolyVillage/Prefabs/Stand/Stand_Purple.prefab
  artifactKey: Guid(29ef9a712a6f84541a21a423a1e1bbd1) Importer(815301076,1909f56bfc062723c751e8b465ee728b)
Start importing Assets/BasAssetStore/LowPolyVillage/Prefabs/Stand/Stand_Purple.prefab using Guid(29ef9a712a6f84541a21a423a1e1bbd1) Importer(815301076,1909f56bfc062723c751e8b465ee728b)  -> (artifact id: 'ffc997e651efc76e9755e8fc5c54eb1d') in 0.015229 seconds 
========================================================================
Received Import Request.
  Time since last request: 0.000155 seconds.
  path: Assets/BasAssetStore/LowPolyVillage/Prefabs/Stand/Stand_Wood.prefab
  artifactKey: Guid(c357c9df5bbccec4b829a6e9dc3759c9) Importer(815301076,1909f56bfc062723c751e8b465ee728b)
Start importing Assets/BasAssetStore/LowPolyVillage/Prefabs/Stand/Stand_Wood.prefab using Guid(c357c9df5bbccec4b829a6e9dc3759c9) Importer(815301076,1909f56bfc062723c751e8b465ee728b)  -> (artifact id: 'b6a99eb9092e9d6accdabdc4619eb468') in 0.016158 seconds 
========================================================================
Received Import Request.
  Time since last request: 0.000132 seconds.
  path: Assets/BasAssetStore/LowPolyVillage/Prefabs/Stand/Stand_Orange.prefab
  artifactKey: Guid(f2a879fb0ab02e24091b2ade1c8d3ce8) Importer(815301076,1909f56bfc062723c751e8b465ee728b)
Start importing Assets/BasAssetStore/LowPolyVillage/Prefabs/Stand/Stand_Orange.prefab using Guid(f2a879fb0ab02e24091b2ade1c8d3ce8) Importer(815301076,1909f56bfc062723c751e8b465ee728b)  -> (artifact id: '7f98045757f3f37eeb75db8cec2a6ddf') in 0.015792 seconds 
AssetImportWorkerClient::OnTransportError - code=2 error=End of file
